https://www.resultados-euromilhoes.com/resultados-totoloto-2021.html
82 13-10-2021 0316244146 • 12
82 13-10-2021 2026343642 • 07
81 09-10-2021 0709232942 • 12
80 06-10-2021 0710184243 • 06
79 02-10-2021 0815263449 • 01
78 29-09-2021 0513353743 • 06
77 25-09-2021 2831354246 • 06
76 22-09-2021 1122283043 • 03
75 18-09-2021 0723252837 • 02
74 15-09-2021 0407092935 • 10
73 11-09-2021 1617223846 • 10
72 08-09-2021 1018232833 • 02
71 04-09-2021 0306072936 • 10
70 02-09-2021 0416253246 • 11
69 28-08-2021 0115252832 • 06
68 04-08-2021 0928303349 • 10
67 31-07-2021 2934364348 • 01
66 04-08-2021 0713153239 • 12
65 31-07-2021 1315161747 • 04
64 04-08-2021 0405071922 • 12
63 31-07-2021 1617214146 • 06
62 04-08-2021 0118233032 • 07
61 31-07-2021 0506103035 • 05
60 28-07-2021 1033384346 • 12
59 24-07-2021 1215222633 • 11
58 14-07-2021 2025262728 • 05
57 17-07-2021 1022252940 • 06
56 14-07-2021 1225333440 • 09
55 10-07-2021 0317344549 • 10
54 07-07-2021 1418194146 • 04
53 03-07-2021 0708222438 • 09
52 30-06-2021 0114203742 • 04
51 26-06-2021 0813323749 • 01
50 23-06-2021 0928323949 • 10
49 19-06-2021 0915232748 • 06
48 16-06-2021 0218283339 • 09
47 12-06-2021 0919243241 • 08
46 09-06-2021 0913274547 • 09
45 05-06-2021 3239464748 • 03
44 02-06-2021 0709182747 • 07
43 29-05-2021 0205203943 • 03
42 26-05-2021 0317212227 • 02
41 22-05-2021 0218212234 • 03
40 19-05-2021 0210222344 • 13
39 15-05-2021 0624334041 • 02
38 12-05-2021 0113353943 • 03
37 08-05-2021 0418232941 • 08
36 05-05-2021 0617273239 • 05
35 01-05-2021 1617293545 • 09
34 28-04-2021 0310144647 • 11
33 24-04-2021 0521283746 • 12
32 21-04-2021 0405223748 • 02
31 17-04-2021 1726283544 • 12
30 14-04-2021 0515273037 • 03
29 10-04-2021 0824262747 • 10
28 07-04-2021 0419202122 • 02
27 27-03-2021 0204164142 • 12
26 31-03-2021 2638424344 • 07
25 27-03-2021 1825374345 • 08
24 24-03-2021 1430313948 • 08
23 20-03-2021 0513152647 • 06
22 17-03-2021 1722243049 • 09
21 13-03-2021 1419293747 • 10
20 10-03-2021 1719223246 • 10
19 06-03-2021 1018202948 • 06
18 03-03-2021 0304212444 • 10
17 27-02-2021 1829353741 • 02
16 24-02-2021 2125404448 • 08
15 20-02-2021 0228313645 • 07
14 17-02-2021 0810213643 • 06
13 13-02-2021 1112243638 • 8
12 10-02-2021 1240424748 • 03
11 06-02-2021 0310242541 • 04
10 03-02-2021 1819232747 • 03
9 30-01-2021 1120223042 • 12
8 27-01-2021 1026293142 • 10
7 22-01-2021 3343444749 • 11
6 20-01-2021 1419283140 • 09
5 16-01-2021 0420303546 • 09
4 13-01-2021 0811164347 • 13
3 09-01-2021 1822252933 • 07
2 06-01-2021 0429354647 • 10
1 02-01-2021 1921313440 • 05
105 30-12-2020 0724364042 • 10
104 26-12-2020 1019213043 • 12
103 23-12-2020 0407151927 • 13
102 19-12-2020 1325344044 • 12
101 16-12-2020 0932354349 • 12
100 12-12-2020 0410183649 • 09
99 09-12-2020 0407081718 • 09
98 05-12-2020 0614204246 • 06
97 02-12-2020 0720264045 • 09
96 28-11-2020 2728323842 • 09
95 25-11-2020 0714151842 • 03
94 21-11-2020 1023283132 • 12
93 18-11-2020 0115212627 • 06
92 14-11-2020 0112383940 • 11
91 11-11-2020 0818204448 • 01
90 07-11-2020 0507122348 • 06
89 04-11-2020 1722262736 • 09
88 31-10-2020 0120273646 • 04
87 28-10-2020 1826323345 • 01
86 24-10-2020 0611232730 • 08
85 21-10-2020 0219214449 • 02
84 17-10-2020 0305143538 • 01
83 14-10-2020 2324283848 • 07
82 10-10-2020 0820222739 • 08
81 07-10-2020 2633363740 • 04
80 03-10-2020 1113223341 • 08
79 30-09-2020 1017242833 • 09
78 26-09-2020 0926293337 • 10
77 23-09-2020 0410132743 • 12
76 19-09-2020 0105162444 • 13
75 17-09-2020 0406092329 • 04
74 12-09-2020 2425313538 • 07
73 09-09-2020 0105243543 • 02
72 05-09-2020 1720274349 • 10
71 02-09-2020 1318374043 • 02
70 29-08-2020 1012242847 • 08
69 26-08-2020 0209233845 • 07
68 22-08-2020 1118233646 • 09
67 19-08-2020 0205233748 • 07
66 15-08-2020 1218343846 • 02
65 12-08-2020 0305071926 • 04
64 08-08-2020 1113273347 • 12
63 05-08-2020 0416254245 • 12
62 01-08-2020 1315193538 • 10
61 29-07-2020 1720233335 • 04
60 25-07-2020 0911172333 • 08
59 22-07-2020 1114414649 • 02
58 11-07-2020 1929313847 • 10
57 15-07-2020 0724263141 • 05
56 11-07-2020 1316214448 • 12
55 08-07-2020 1016303245 • 05
54 04-07-2020 2023323848 • 03
53 01-07-2020 2536374447 • 07
52 27-06-2020 1014324244 • 12
51 24-06-2020 0621223036 • 11
50 20-06-2020 1631354144 • 02
49 17-06-2020 1314383943 • 01
48 13-06-2020 1117181946 • 10
47 10-06-2020 1626354045 • 12
46 06-06-2020 2531324149 • 10
45 03-06-2020 0109143548 • 01
44 30-05-2020 0207202433 • 08
43 28-05-2020 1926303345 • 13
42 23-05-2020 0112192544 • 05
41 20-05-2020 1741444549 • 06
40 16-05-2020 0316293646 • 05
39 13-05-2020 0319273845 • 02
38 09-05-2020 0926343946 • 08
37 06-05-2020 0520303645 • 06
36 02-05-2020 1117224243 • 12
35 29-04-2020 2642434448 • 13
34 25-04-2020 0714253049 • 06
33 22-04-2020 0814192432 • 02
32 18-04-2020 0515193037 • 04
31 15-04-2020 0507234249 • 06
30 11-04-2020 0910284344 • 06
29 08-04-2020 1928304243 • 11
28 04-04-2020 1516233239 • 12
27 01-04-2020 1521293541 • 11
26 28-03-2020 1325263649 • 06
25 25-03-2020 1435374047 • 11
24 21-03-2020 0614273849 • 09
23 18-03-2020 0910354142 • 05
22 14-03-2020 0411253033 • 12
21 11-03-2020 1823363841 • 11
20 07-03-2020 1727293747 • 05
19 04-03-2020 1620213637 • 13
18 29-02-2020 0715194143 • 10
17 25-02-2020 0424344042 • 06
16 22-02-2020 1325283645 • 02
15 19-02-2020 0518343637 • 08
14 15-02-2020 0509243847 • 02
13 12-02-2020 0714283640 • 12
12 08-02-2020 1331363745 • 01
11 05-02-2020 1819313545 • 13
10 01-01-2020 0622263247 • 04
9 29-01-2020 1215193339 • 12
8 25-01-2020 0326363743 • 07
7 22-01-2020 0820234548 • 08
6 18-01-2020 0521232436 • 10
5 15-01-2020 1726324243 • 09